[14/05/2026 17:02:13] 🚀 Iniciando robô Woo -> SGI | DRY_RUN=True | limite=20
[14/05/2026 17:02:13] 🌐 Buscando produtos WooCommerce página 1...
[14/05/2026 17:02:16] ✅ Produtos Woo carregados: 20
[14/05/2026 17:02:23] 🔐 Tentando login automático no SGI...
[14/05/2026 17:02:23] ✅ Campos de login encontrados: usuário=input[placeholder*='Usuário'] | senha=input[placeholder*='Senha']
[14/05/2026 17:02:31] 🏢 Tela de local de trabalho detectada. Clicando em PROSSEGUIR...
[14/05/2026 17:02:44] ✅ Login SGI realizado.
[14/05/2026 17:02:44] ================================================================================
[14/05/2026 17:02:44] 📦 Produto Woo: LAVADORA CONSUL CWN16 16KG BRANCO 127V | SKU: 76487.1.3
[14/05/2026 17:02:44] 🏷️ Nome ajustado para SGI: LAVADORA CONSUL CWN16 16KG → LAVADORA CONSUL CWN16 16KG BRANCO 127V
[14/05/2026 17:02:44] 🎨 Detalhes no nome SGI | Cor: BRANCO | Voltagem: 127V
[14/05/2026 17:02:44] 🧾 NCM inicial: REVISAR | Confiança: Baixa | Fonte: regra_conservadora | Lavadora/tanquinho: preferir NCM de produto similar no ERP ou revisão fiscal.
[14/05/2026 17:02:44] 🔎 Tentativa 1/2 (Referência/modelo isolado): CWN16
[14/05/2026 17:02:51]    ↳ Resultados encontrados: 0
[14/05/2026 17:02:51] 🔎 Tentativa 2/2 (Marca + modelo): CONSUL CWN16
[14/05/2026 17:02:57]    ↳ Resultados encontrados: 0
[14/05/2026 17:02:57] 🎯 Classificação: NOVO | Score: 0.00 | Nenhum produto encontrado no ERP.
[14/05/2026 17:02:57] 🧾 NCM final V2: REVISAR | Confiança: Baixa | Fonte: regra_conservadora | Lavadora/tanquinho: preferir NCM de produto similar no ERP ou revisão fiscal.
[14/05/2026 17:02:57] ================================================================================
[14/05/2026 17:02:57] 📦 Produto Woo: SMARTPHONE SAMSUNG A37 A376 128GB 5G PRETO | SKU: 76485.3.0
[14/05/2026 17:02:57] 🏷️ Nome ajustado para SGI: SMARTPHONE SAMSUNG A37 A376 128GB 5G → SMARTPHONE SAMSUNG A37 A376 128GB 5G PRETO
[14/05/2026 17:02:57] 🎨 Detalhes no nome SGI | Cor: PRETO | Voltagem: -
[14/05/2026 17:02:57] 🧾 NCM inicial: 8517.62.62 | Confiança: Alta | Fonte: regra_interna | Aparelhos de telefonia/celular
[14/05/2026 17:02:57] 🔎 Tentativa 1/2 (Referência/modelo isolado): A37
[14/05/2026 17:03:05]    ↳ Resultados encontrados: 0
[14/05/2026 17:03:05] 🔎 Tentativa 2/2 (Marca + modelo): SAMSUNG A37
[14/05/2026 17:03:12]    ↳ Resultados encontrados: 0
[14/05/2026 17:03:12] 🎯 Classificação: NOVO | Score: 0.00 | Nenhum produto encontrado no ERP.
[14/05/2026 17:03:12] 🧾 NCM final V2: 8517.62.62 | Confiança: Alta | Fonte: regra_interna | Aparelhos de telefonia/celular
[14/05/2026 17:03:12] ================================================================================
[14/05/2026 17:03:12] 📦 Produto Woo: SMARTPHONE SAMSUNG A57 A576 128GB 5G AZUL ESCURO | SKU: 76483.2242.0
[14/05/2026 17:03:12] 🏷️ Nome ajustado para SGI: SMARTPHONE SAMSUNG A57 A576 128GB 5G → SMARTPHONE SAMSUNG A57 A576 128GB 5G AZUL ESCURO
[14/05/2026 17:03:12] 🎨 Detalhes no nome SGI | Cor: AZUL ESCURO | Voltagem: -
[14/05/2026 17:03:12] 🧾 NCM inicial: 8517.62.62 | Confiança: Alta | Fonte: regra_interna | Aparelhos de telefonia/celular
[14/05/2026 17:03:12] 🔎 Tentativa 1/2 (Referência/modelo isolado): A57
[14/05/2026 17:03:24]    ↳ Resultados encontrados: 0
[14/05/2026 17:03:24] 🔎 Tentativa 2/2 (Marca + modelo): SAMSUNG A57
[14/05/2026 17:03:33]    ↳ Resultados encontrados: 0
[14/05/2026 17:03:33] 🎯 Classificação: NOVO | Score: 0.00 | Nenhum produto encontrado no ERP.
[14/05/2026 17:03:33] 🧾 NCM final V2: 8517.62.62 | Confiança: Alta | Fonte: regra_interna | Aparelhos de telefonia/celular
[14/05/2026 17:03:33] ================================================================================
[14/05/2026 17:03:33] 📦 Produto Woo: SMARTPHONE SAMSUNG A37 A376 256GB 5G PRETO | SKU: 76484.3.0
[14/05/2026 17:03:33] 🏷️ Nome ajustado para SGI: SMARTPHONE SAMSUNG A37 A376 256GB 5G → SMARTPHONE SAMSUNG A37 A376 256GB 5G PRETO
[14/05/2026 17:03:33] 🎨 Detalhes no nome SGI | Cor: PRETO | Voltagem: -
[14/05/2026 17:03:33] 🧾 NCM inicial: 8517.62.62 | Confiança: Alta | Fonte: regra_interna | Aparelhos de telefonia/celular
[14/05/2026 17:03:33] 🔎 Tentativa 1/2 (Referência/modelo isolado): A37
[14/05/2026 17:03:40]    ↳ Resultados encontrados: 0
[14/05/2026 17:03:40] 🔎 Tentativa 2/2 (Marca + modelo): SAMSUNG A37
[14/05/2026 17:03:47]    ↳ Resultados encontrados: 0
[14/05/2026 17:03:47] 🎯 Classificação: NOVO | Score: 0.00 | Nenhum produto encontrado no ERP.
[14/05/2026 17:03:47] 🧾 NCM final V2: 8517.62.62 | Confiança: Alta | Fonte: regra_interna | Aparelhos de telefonia/celular
[14/05/2026 17:03:47] ================================================================================
[14/05/2026 17:03:47] 📦 Produto Woo: SMARTPHONE SAMSUNG A57 A576 256GB 5G AZUL ESCURO | SKU: 76482.2242.0
[14/05/2026 17:03:47] 🏷️ Nome ajustado para SGI: SMARTPHONE SAMSUNG A57 A576 256GB 5G → SMARTPHONE SAMSUNG A57 A576 256GB 5G AZUL ESCURO
[14/05/2026 17:03:47] 🎨 Detalhes no nome SGI | Cor: AZUL ESCURO | Voltagem: -
[14/05/2026 17:03:47] 🧾 NCM inicial: 8517.62.62 | Confiança: Alta | Fonte: regra_interna | Aparelhos de telefonia/celular
[14/05/2026 17:03:47] 🔎 Tentativa 1/2 (Referência/modelo isolado): A57
[14/05/2026 17:03:55]    ↳ Resultados encontrados: 0
[14/05/2026 17:03:55] 🔎 Tentativa 2/2 (Marca + modelo): SAMSUNG A57
[14/05/2026 17:04:02]    ↳ Resultados encontrados: 0
[14/05/2026 17:04:02] 🎯 Classificação: NOVO | Score: 0.00 | Nenhum produto encontrado no ERP.
[14/05/2026 17:04:02] 🧾 NCM final V2: 8517.62.62 | Confiança: Alta | Fonte: regra_interna | Aparelhos de telefonia/celular
[14/05/2026 17:04:02] ================================================================================
[14/05/2026 17:04:02] 📦 Produto Woo: LIQUIDIFICADOR ELECTROLUX EFFICIENT EBL1300 1300W 3,2L PRETO 127V | SKU: 74964.3.3
[14/05/2026 17:04:02] 🏷️ Nome ajustado para SGI: LIQUIDIFICADOR ELECTROLUX EFFICIENT EBL1300 1300W 3,2L → LIQUIDIFICADOR ELECTROLUX EFFICIENT EBL1300 1300W 3,2L PRETO 127V
[14/05/2026 17:04:02] 🎨 Detalhes no nome SGI | Cor: PRETO | Voltagem: 127V
[14/05/2026 17:04:02] 🧾 NCM inicial: REVISAR | Confiança: Baixa | Fonte: regra_conservadora | Eletroportátil: revisar NCM antes de cadastrar.
[14/05/2026 17:04:02] 🔎 Tentativa 1/2 (Referência/modelo isolado): EBL1300
[14/05/2026 17:04:10]    ↳ Resultados encontrados: 0
[14/05/2026 17:04:10] 🔎 Tentativa 2/2 (Marca + modelo): ELECTROLUX EBL1300
[14/05/2026 17:04:17]    ↳ Resultados encontrados: 0
[14/05/2026 17:04:17] 🎯 Classificação: NOVO | Score: 0.00 | Nenhum produto encontrado no ERP.
[14/05/2026 17:04:17] 🧾 NCM final V2: REVISAR | Confiança: Baixa | Fonte: regra_conservadora | Eletroportátil: revisar NCM antes de cadastrar.
[14/05/2026 17:04:17] ================================================================================
[14/05/2026 17:04:17] 📦 Produto Woo: LAVADORA WANKE NEW CONFORT LWBE100T PB 10KG BRANCO 220V | SKU: 74280.1.2
[14/05/2026 17:04:17] 🏷️ Nome ajustado para SGI: LAVADORA WANKE NEW CONFORT LWBE100T PB 10KG → LAVADORA WANKE NEW CONFORT LWBE100T PB 10KG BRANCO 220V
[14/05/2026 17:04:17] 🎨 Detalhes no nome SGI | Cor: BRANCO | Voltagem: 220V
[14/05/2026 17:04:17] 🧾 NCM inicial: REVISAR | Confiança: Baixa | Fonte: regra_conservadora | Lavadora/tanquinho: preferir NCM de produto similar no ERP ou revisão fiscal.
[14/05/2026 17:04:17] 🔎 Tentativa 1/1 (Referência/modelo isolado): LWBE100T
[14/05/2026 17:04:23]    ↳ Resultados encontrados: 5
[14/05/2026 17:04:23] 🎯 Classificação: REVISAO | Score: 0.55 | Resultados encontrados, mas similaridade baixa.
[14/05/2026 17:04:23]    ↳ Melhor ERP: 11499 | LAVADORA 10KG SEMI-AUTO COMFORT LWBE100T BRANCA 220V WANKE | Ref: 15000002 | NCM: 8450.19.00
[14/05/2026 17:04:23] 🧾 NCM final V2: 8450.19.00 | Confiança: Média | Fonte: erp_similar | NCM sugerido pelo produto similar no ERP (11499); revisar antes de salvar.
[14/05/2026 17:04:23] ================================================================================
[14/05/2026 17:04:23] 📦 Produto Woo: LAVADORA WANKE NEW PREMIUM LWBE201T PB 20KG BRANCO 220V | SKU: 74313.1.2
[14/05/2026 17:04:23] 🏷️ Nome ajustado para SGI: LAVADORA WANKE NEW PREMIUM LWBE201T PB 20KG → LAVADORA WANKE NEW PREMIUM LWBE201T PB 20KG BRANCO 220V
[14/05/2026 17:04:23] 🎨 Detalhes no nome SGI | Cor: BRANCO | Voltagem: 220V
[14/05/2026 17:04:23] 🧾 NCM inicial: REVISAR | Confiança: Baixa | Fonte: regra_conservadora | Lavadora/tanquinho: preferir NCM de produto similar no ERP ou revisão fiscal.
[14/05/2026 17:04:23] 🔎 Tentativa 1/1 (Referência/modelo isolado): LWBE201T
[14/05/2026 17:04:29]    ↳ Resultados encontrados: 6
[14/05/2026 17:04:29] 🎯 Classificação: REVISAO | Score: 0.60 | Resultados encontrados, mas similaridade baixa.
[14/05/2026 17:04:29]    ↳ Melhor ERP: 12779 | LAVADORA 20KG SEMI-AUTO PREMIUM LWBE201T BRANCA 220V WANKE | Ref: 15040002 | NCM: 8450.20.90
[14/05/2026 17:04:29] 🧾 NCM final V2: 8450.20.90 | Confiança: Média | Fonte: erp_similar | NCM sugerido pelo produto similar no ERP (12779); revisar antes de salvar.
[14/05/2026 17:04:29] ================================================================================
[14/05/2026 17:04:29] 📦 Produto Woo: LAVADORA WANKE NEW PREMIUM LWBE201T PB 20KG PRETO 220V | SKU: 74313.3.2
[14/05/2026 17:04:29] 🏷️ Nome ajustado para SGI: LAVADORA WANKE NEW PREMIUM LWBE201T PB 20KG → LAVADORA WANKE NEW PREMIUM LWBE201T PB 20KG PRETO 220V
[14/05/2026 17:04:29] 🎨 Detalhes no nome SGI | Cor: PRETO | Voltagem: 220V
[14/05/2026 17:04:29] 🧾 NCM inicial: REVISAR | Confiança: Baixa | Fonte: regra_conservadora | Lavadora/tanquinho: preferir NCM de produto similar no ERP ou revisão fiscal.
[14/05/2026 17:04:29] 🔎 Tentativa 1/1 (Referência/modelo isolado): LWBE201T
[14/05/2026 17:04:35]    ↳ Resultados encontrados: 6
[14/05/2026 17:04:35] 🎯 Classificação: REVISAO | Score: 0.65 | Resultados encontrados, mas similaridade baixa.
[14/05/2026 17:04:35]    ↳ Melhor ERP: 11508 | LAVADORA 20KG SEMI-AUTO PREMIUM LWBE201T PRETO 220V WANKE | Ref: 15040004 | NCM: 8450.20.90
[14/05/2026 17:04:35] 🧾 NCM final V2: 8450.20.90 | Confiança: Média | Fonte: erp_similar | NCM sugerido pelo produto similar no ERP (11508); revisar antes de salvar.
[14/05/2026 17:04:35] ================================================================================
[14/05/2026 17:04:35] 📦 Produto Woo: LAVADORA WANKE NEW CONFORT LWBE100T PB 10KG PRETO 220V | SKU: 74280.3.2
[14/05/2026 17:04:35] 🏷️ Nome ajustado para SGI: LAVADORA WANKE NEW CONFORT LWBE100T PB 10KG → LAVADORA WANKE NEW CONFORT LWBE100T PB 10KG PRETO 220V
[14/05/2026 17:04:35] 🎨 Detalhes no nome SGI | Cor: PRETO | Voltagem: 220V
[14/05/2026 17:04:35] 🧾 NCM inicial: REVISAR | Confiança: Baixa | Fonte: regra_conservadora | Lavadora/tanquinho: preferir NCM de produto similar no ERP ou revisão fiscal.
[14/05/2026 17:04:35] 🔎 Tentativa 1/1 (Referência/modelo isolado): LWBE100T
[14/05/2026 17:04:41]    ↳ Resultados encontrados: 5
[14/05/2026 17:04:41] 🎯 Classificação: REVISAO | Score: 0.60 | Resultados encontrados, mas similaridade baixa.
[14/05/2026 17:04:41]    ↳ Melhor ERP: 11500 | LAVADORA 10KG SEMI-AUTO COMFORT LWBE100T PRETO 220V WANKE | Ref: 15000004 | NCM: 8450.19.00
[14/05/2026 17:04:41] 🧾 NCM final V2: 8450.19.00 | Confiança: Média | Fonte: erp_similar | NCM sugerido pelo produto similar no ERP (11500); revisar antes de salvar.
[14/05/2026 17:04:41] ================================================================================
[14/05/2026 17:04:41] 📦 Produto Woo: FRITADEIRA BRITANIA AIR FRYER 5,5L BFR50 PRETO 127V | SKU: 73228.3.3
[14/05/2026 17:04:41] 🏷️ Nome ajustado para SGI: FRITADEIRA BRITANIA AIR FRYER 5,5L BFR50 → FRITADEIRA BRITANIA AIR FRYER 5,5L BFR50 PRETO 127V
[14/05/2026 17:04:41] 🎨 Detalhes no nome SGI | Cor: PRETO | Voltagem: 127V
[14/05/2026 17:04:41] 🧾 NCM inicial: REVISAR | Confiança: Baixa | Fonte: regra_conservadora | Eletroportátil/air fryer: revisar NCM antes de cadastrar.
[14/05/2026 17:04:41] 🔎 Tentativa 1/2 (Referência/modelo isolado): BFR50
[14/05/2026 17:04:48]    ↳ Resultados encontrados: 0
[14/05/2026 17:04:48] 🔎 Tentativa 2/2 (Marca + modelo): BRITANIA BFR50
[14/05/2026 17:04:55]    ↳ Resultados encontrados: 0
[14/05/2026 17:04:55] 🎯 Classificação: NOVO | Score: 0.00 | Nenhum produto encontrado no ERP.
[14/05/2026 17:04:55] 🧾 NCM final V2: REVISAR | Confiança: Baixa | Fonte: regra_conservadora | Eletroportátil/air fryer: revisar NCM antes de cadastrar.
[14/05/2026 17:04:55] ================================================================================
[14/05/2026 17:04:55] 📦 Produto Woo: GRILL BRITANIA PRESS 180 PRETO 220V | SKU: 66217.605.2
[14/05/2026 17:04:55] 🏷️ Nome ajustado para SGI: GRILL BRITANIA PRESS 180 → GRILL BRITANIA PRESS 180 PRETO 220V
[14/05/2026 17:04:55] 🎨 Detalhes no nome SGI | Cor: PRETO | Voltagem: 220V
[14/05/2026 17:04:55] 🧾 NCM inicial: REVISAR | Confiança: Baixa | Fonte: regra_conservadora | Eletroportátil/grill: revisar NCM antes de cadastrar.
[14/05/2026 17:04:55] 🔎 Tentativa 1/1 (Marca + modelo): BRITANIA 220V BRITANIA GRILL
[14/05/2026 17:05:03]    ↳ Resultados encontrados: 1
[14/05/2026 17:05:03] 🎯 Classificação: REVISAO | Score: 0.46 | Resultados encontrados, mas similaridade baixa.
[14/05/2026 17:05:03]    ↳ Melhor ERP: 13401 | SANDUICHEIRA E GRILL BGR24G 220V BRITANIA | Ref: 066702165 | NCM: 8516.79.90
[14/05/2026 17:05:03] 🧾 NCM final V2: 8516.79.90 | Confiança: Baixa | Fonte: erp_similar | NCM sugerido pelo produto similar no ERP (13401); revisar antes de salvar.
[14/05/2026 17:05:03] ================================================================================
[14/05/2026 17:05:03] 📦 Produto Woo: MIXER BRITANIA BMX350 PRETO 220V | SKU: 65748.3.2
[14/05/2026 17:05:03] 🏷️ Nome ajustado para SGI: MIXER BRITANIA BMX350 → MIXER BRITANIA BMX350 PRETO 220V
[14/05/2026 17:05:03] 🎨 Detalhes no nome SGI | Cor: PRETO | Voltagem: 220V
[14/05/2026 17:05:03] 🧾 NCM inicial: REVISAR | Confiança: Baixa | Fonte: regra_conservadora | Eletroportátil: revisar NCM antes de cadastrar.
[14/05/2026 17:05:03] 🔎 Tentativa 1/2 (Referência/modelo isolado): BMX350
[14/05/2026 17:05:09]    ↳ Resultados encontrados: 0
[14/05/2026 17:05:09] 🔎 Tentativa 2/2 (Marca + modelo): BRITANIA BMX350
[14/05/2026 17:05:17]    ↳ Resultados encontrados: 0
[14/05/2026 17:05:17] 🎯 Classificação: NOVO | Score: 0.00 | Nenhum produto encontrado no ERP.
[14/05/2026 17:05:17] 🧾 NCM final V2: REVISAR | Confiança: Baixa | Fonte: regra_conservadora | Eletroportátil: revisar NCM antes de cadastrar.
[14/05/2026 17:05:17] ================================================================================
[14/05/2026 17:05:17] 📦 Produto Woo: TV 50" AOC SMART ROKU UHD 4K 50U6125/78G PRETO BIV | SKU: 76330.3.4
[14/05/2026 17:05:17] 🏷️ Nome ajustado para SGI: TV 50" AOC SMART ROKU UHD 4K 50U6125/78G → TV 50" AOC SMART ROKU UHD 4K 50U6125/78G PRETO BIV
[14/05/2026 17:05:17] 🎨 Detalhes no nome SGI | Cor: PRETO | Voltagem: BIV
[14/05/2026 17:05:17] 🧾 NCM inicial: 8528.72.00 | Confiança: Alta | Fonte: regra_interna | Televisores/Smart TVs
[14/05/2026 17:05:17] 🔎 Tentativa 1/1 (Marca + modelo): 50U6125 78G 4K
[14/05/2026 17:05:23]    ↳ Resultados encontrados: 1
[14/05/2026 17:05:23] 🎯 Classificação: REVISAO | Score: 0.61 | Resultados encontrados, mas similaridade baixa.
[14/05/2026 17:05:23]    ↳ Melhor ERP: 11382 | TV 50" LED 4K SMART ROKU WIFI/USB/HDMI 50U6125/78G-50U7045/78G AOC | Ref: 30460.0.0 | NCM: 8528.72.00
[14/05/2026 17:05:23] 🧾 NCM final V2: 8528.72.00 | Confiança: Média | Fonte: erp_similar | NCM sugerido pelo produto similar no ERP (11382); revisar antes de salvar.
[14/05/2026 17:05:23] ================================================================================
[14/05/2026 17:05:23] 📦 Produto Woo: G ROUPA MOVAL MARAJO PARIS 8PT 2GAV FREIJO | SKU: 74967.1374.0
[14/05/2026 17:05:23] 🏷️ Nome ajustado para SGI: G ROUPA MOVAL MARAJO PARIS 8PT 2GAV → G ROUPA MOVAL MARAJO PARIS 8PT 2GAV FREIJO
[14/05/2026 17:05:23] 🎨 Detalhes no nome SGI | Cor: FREIJO | Voltagem: -
[14/05/2026 17:05:23] 🧾 NCM inicial: 9403.50.00 | Confiança: Média | Fonte: regra_interna | Móveis de madeira para quarto
[14/05/2026 17:05:23] 🔎 Tentativa 1/1 (Marca + modelo): 2GAV 8PT MARAJO
[14/05/2026 17:05:31]    ↳ Resultados encontrados: 0
[14/05/2026 17:05:31] 🎯 Classificação: NOVO | Score: 0.00 | Nenhum produto encontrado no ERP.
[14/05/2026 17:05:31] 🧾 NCM final V2: 9403.50.00 | Confiança: Média | Fonte: regra_interna | Móveis de madeira para quarto
[14/05/2026 17:05:31] ================================================================================
[14/05/2026 17:05:31] 📦 Produto Woo: G ROUPA MOVAL MARAJO PARIS 8PT 2GAV FREIJO | SKU: 74967.2854.0
[14/05/2026 17:05:31] 🏷️ Nome ajustado para SGI: G ROUPA MOVAL MARAJO PARIS 8PT 2GAV → G ROUPA MOVAL MARAJO PARIS 8PT 2GAV FREIJO
[14/05/2026 17:05:31] 🎨 Detalhes no nome SGI | Cor: FREIJO | Voltagem: -
[14/05/2026 17:05:31] 🧾 NCM inicial: 9403.50.00 | Confiança: Média | Fonte: regra_interna | Móveis de madeira para quarto
[14/05/2026 17:05:31] 🔎 Tentativa 1/1 (Marca + modelo): 2GAV 8PT MARAJO
[14/05/2026 17:05:41]    ↳ Resultados encontrados: 0
[14/05/2026 17:05:41] 🎯 Classificação: NOVO | Score: 0.00 | Nenhum produto encontrado no ERP.
[14/05/2026 17:05:41] 🧾 NCM final V2: 9403.50.00 | Confiança: Média | Fonte: regra_interna | Móveis de madeira para quarto
[14/05/2026 17:05:41] ================================================================================
[14/05/2026 17:05:41] 📦 Produto Woo: BICICLETA TRACK ARO 26 TK3 SERENA ROSA OPALA | SKU: 76410.2721.0
[14/05/2026 17:05:41] 🏷️ Nome ajustado para SGI: BICICLETA TRACK ARO 26 TK3 SERENA → BICICLETA TRACK ARO 26 TK3 SERENA ROSA OPALA
[14/05/2026 17:05:41] 🎨 Detalhes no nome SGI | Cor: ROSA OPALA | Voltagem: -
[14/05/2026 17:05:41] 🧾 NCM inicial: REVISAR | Confiança: Baixa | Fonte: regra_conservadora | Bicicleta: revisar NCM antes de cadastrar.
[14/05/2026 17:05:41] 🔎 Tentativa 1/1 (Marca + modelo): TK3 BICICLETA SERENA
[14/05/2026 17:05:51]    ↳ Resultados encontrados: 0
[14/05/2026 17:05:51] 🎯 Classificação: NOVO | Score: 0.00 | Nenhum produto encontrado no ERP.
[14/05/2026 17:05:51] 🧾 NCM final V2: REVISAR | Confiança: Baixa | Fonte: regra_conservadora | Bicicleta: revisar NCM antes de cadastrar.
[14/05/2026 17:05:51] ================================================================================
[14/05/2026 17:05:51] 📦 Produto Woo: SMARTPHONE MOTOROLA G17 XT2623 128GB 4G AZUL CLARO | SKU: 76471.2730.0
[14/05/2026 17:05:51] 🏷️ Nome ajustado para SGI: SMARTPHONE MOTOROLA G17 XT2623 128GB 4G → SMARTPHONE MOTOROLA G17 XT2623 128GB 4G AZUL CLARO
[14/05/2026 17:05:51] 🎨 Detalhes no nome SGI | Cor: AZUL CLARO | Voltagem: -
[14/05/2026 17:05:51] 🧾 NCM inicial: 8517.62.62 | Confiança: Alta | Fonte: regra_interna | Aparelhos de telefonia/celular
[14/05/2026 17:05:51] 🔎 Tentativa 1/2 (Referência/modelo isolado): G17
[14/05/2026 17:05:59]    ↳ Resultados encontrados: 1
[14/05/2026 17:05:59] 🎯 Classificação: MATCH_MEDIO | Score: 0.77 | Produto parecido; recomenda revisão antes de alterar.
[14/05/2026 17:05:59]    ↳ Melhor ERP: 15016 | SMARTPHONE MOTOROLA G17 XT2623 256GB 4G ROXO | Ref: 76472.10.0 | NCM: 8517.62.62
[14/05/2026 17:05:59] 🧾 NCM final V2: 8517.62.62 | Confiança: Média | Fonte: erp_similar | NCM sugerido pelo produto similar no ERP (15016); revisar antes de salvar.
[14/05/2026 17:05:59] ================================================================================
[14/05/2026 17:05:59] 📦 Produto Woo: SMARTPHONE MOTOROLA G17 XT2623 256GB 4G ROXO | SKU: 76472.10.0
[14/05/2026 17:05:59] 🏷️ Nome ajustado para SGI: SMARTPHONE MOTOROLA G17 XT2623 256GB 4G → SMARTPHONE MOTOROLA G17 XT2623 256GB 4G ROXO
[14/05/2026 17:05:59] 🎨 Detalhes no nome SGI | Cor: ROXO | Voltagem: -
[14/05/2026 17:05:59] 🧾 NCM inicial: 8517.62.62 | Confiança: Alta | Fonte: regra_interna | Aparelhos de telefonia/celular
[14/05/2026 17:05:59] 🔎 Tentativa 1/2 (Referência/modelo isolado): G17
[14/05/2026 17:06:04]    ↳ Resultados encontrados: 1
[14/05/2026 17:06:04] 🎯 Classificação: MATCH_FORTE | Score: 0.99 | SKU Woo igual à Ref. Fornecedor/Produto do ERP.
[14/05/2026 17:06:04]    ↳ Melhor ERP: 15016 | SMARTPHONE MOTOROLA G17 XT2623 256GB 4G ROXO | Ref: 76472.10.0 | NCM: 8517.62.62
[14/05/2026 17:06:04] 🧾 NCM final V2: 8517.62.62 | Confiança: Alta | Fonte: erp_match_forte | NCM herdado do produto ERP correspondente (15016) por match forte.
[14/05/2026 17:06:04] ================================================================================
[14/05/2026 17:06:04] 📦 Produto Woo: BICICLETA TRACK ARO 20 TK3 COMETA AZUL ZIMBRO | SKU: 76412.2723.0
[14/05/2026 17:06:04] 🏷️ Nome ajustado para SGI: BICICLETA TRACK ARO 20 TK3 COMETA → BICICLETA TRACK ARO 20 TK3 COMETA AZUL ZIMBRO
[14/05/2026 17:06:04] 🎨 Detalhes no nome SGI | Cor: AZUL ZIMBRO | Voltagem: -
[14/05/2026 17:06:04] 🧾 NCM inicial: REVISAR | Confiança: Baixa | Fonte: regra_conservadora | Bicicleta: revisar NCM antes de cadastrar.
[14/05/2026 17:06:04] 🔎 Tentativa 1/1 (Marca + modelo): TK3 BICICLETA COMETA
[14/05/2026 17:06:13]    ↳ Resultados encontrados: 0
[14/05/2026 17:06:13] 🎯 Classificação: NOVO | Score: 0.00 | Nenhum produto encontrado no ERP.
[14/05/2026 17:06:13] 🧾 NCM final V2: REVISAR | Confiança: Baixa | Fonte: regra_conservadora | Bicicleta: revisar NCM antes de cadastrar.
[14/05/2026 17:06:13] 📄 Relatório salvo: {'json': 'C:\\Users\\Rafa\\OneDrive\\MDL\\DOCUMENTOS 2024-2025-2026\\SITE 2026\\NOVO PROJETO VCJ + API + WOOCOMERCE\\integrador-woo\\WOO_PARA_SGI\\woo_para_sgi_v2_revisao_ncm_similar_erp\\woo_para_sgi\\storage\\relatorios\\relatorio_woo_sgi_20260514_170613.json', 'csv': 'C:\\Users\\Rafa\\OneDrive\\MDL\\DOCUMENTOS 2024-2025-2026\\SITE 2026\\NOVO PROJETO VCJ + API + WOOCOMERCE\\integrador-woo\\WOO_PARA_SGI\\woo_para_sgi_v2_revisao_ncm_similar_erp\\woo_para_sgi\\storage\\relatorios\\relatorio_woo_sgi_20260514_170613.csv'}
